mode: set
github.com/mxcd/go-basicauth/examples/tfa/main.go:10.13,16.16 3 0
github.com/mxcd/go-basicauth/examples/tfa/main.go:16.16,18.3 1 0
github.com/mxcd/go-basicauth/examples/tfa/main.go:20.2,21.16 2 0
github.com/mxcd/go-basicauth/examples/tfa/main.go:21.16,23.3 1 0
github.com/mxcd/go-basicauth/examples/tfa/main.go:26.2,53.16 10 0
github.com/mxcd/go-basicauth/examples/tfa/main.go:53.16,55.3 1 0
github.com/mxcd/go-basicauth/examples/tfa/main.go:57.2,59.34 2 0
github.com/mxcd/go-basicauth/examples/tfa/main.go:59.34,63.3 1 0
github.com/mxcd/go-basicauth/examples/tfa/main.go:65.2,65.43 1 0
github.com/mxcd/go-basicauth/examples/tfa/main.go:65.43,67.17 2 0
github.com/mxcd/go-basicauth/examples/tfa/main.go:67.17,70.4 2 0
github.com/mxcd/go-basicauth/examples/tfa/main.go:74.3,78.5 1 0
github.com/mxcd/go-basicauth/examples/tfa/main.go:81.2,95.39 14 0
github.com/mxcd/go-basicauth/examples/tfa/main.go:95.39,97.3 1 0
github.com/mxcd/go-basicauth/examples/simple/main.go:10.13,16.16 3 0
github.com/mxcd/go-basicauth/examples/simple/main.go:16.16,18.3 1 0
github.com/mxcd/go-basicauth/examples/simple/main.go:20.2,21.16 2 0
github.com/mxcd/go-basicauth/examples/simple/main.go:21.16,23.3 1 0
github.com/mxcd/go-basicauth/examples/simple/main.go:26.2,47.16 8 0
github.com/mxcd/go-basicauth/examples/simple/main.go:47.16,49.3 1 0
github.com/mxcd/go-basicauth/examples/simple/main.go:52.2,55.34 2 0
github.com/mxcd/go-basicauth/examples/simple/main.go:55.34,59.3 1 0
github.com/mxcd/go-basicauth/examples/simple/main.go:62.2,62.66 1 0
github.com/mxcd/go-basicauth/examples/simple/main.go:62.66,64.17 2 0
github.com/mxcd/go-basicauth/examples/simple/main.go:64.17,67.4 2 0
github.com/mxcd/go-basicauth/examples/simple/main.go:69.3,74.5 1 0
github.com/mxcd/go-basicauth/examples/simple/main.go:78.2,78.62 1 0
github.com/mxcd/go-basicauth/examples/simple/main.go:78.62,80.17 2 0
github.com/mxcd/go-basicauth/examples/simple/main.go:80.17,83.4 2 0
github.com/mxcd/go-basicauth/examples/simple/main.go:91.3,94.5 1 0
github.com/mxcd/go-basicauth/examples/simple/main.go:98.2,106.39 8 0
github.com/mxcd/go-basicauth/examples/simple/main.go:106.39,108.3 1 0
github.com/mxcd/go-basicauth/context.go:9.56,11.13 2 1
github.com/mxcd/go-basicauth/context.go:11.13,13.3 1 0
github.com/mxcd/go-basicauth/context.go:15.2,16.9 2 1
github.com/mxcd/go-basicauth/context.go:16.9,18.3 1 0
github.com/mxcd/go-basicauth/context.go:20.2,20.22 1 1
github.com/mxcd/go-basicauth/handler.go:36.53,37.27 1 1
github.com/mxcd/go-basicauth/handler.go:37.27,39.3 1 0
github.com/mxcd/go-basicauth/handler.go:40.2,40.28 1 1
github.com/mxcd/go-basicauth/handler.go:40.28,42.3 1 0
github.com/mxcd/go-basicauth/handler.go:44.2,44.29 1 1
github.com/mxcd/go-basicauth/handler.go:44.29,46.3 1 0
github.com/mxcd/go-basicauth/handler.go:48.2,48.50 1 1
github.com/mxcd/go-basicauth/handler.go:48.50,50.3 1 0
github.com/mxcd/go-basicauth/handler.go:51.2,51.54 1 1
github.com/mxcd/go-basicauth/handler.go:51.54,53.3 1 0
github.com/mxcd/go-basicauth/handler.go:55.2,72.8 3 1
github.com/mxcd/go-basicauth/handler.go:75.42,77.19 2 1
github.com/mxcd/go-basicauth/handler.go:77.19,79.3 1 1
github.com/mxcd/go-basicauth/handler.go:81.2,84.2 3 1
github.com/mxcd/go-basicauth/handler.go:84.2,90.35 5 1
github.com/mxcd/go-basicauth/handler.go:90.35,96.4 5 1
github.com/mxcd/go-basicauth/handler.go:99.2,99.12 1 1
github.com/mxcd/go-basicauth/handler.go:102.69,104.16 2 1
github.com/mxcd/go-basicauth/handler.go:104.16,106.3 1 1
github.com/mxcd/go-basicauth/handler.go:108.2,109.25 2 1
github.com/mxcd/go-basicauth/handler.go:109.25,111.3 1 1
github.com/mxcd/go-basicauth/handler.go:113.2,114.16 2 1
github.com/mxcd/go-basicauth/handler.go:114.16,116.3 1 0
github.com/mxcd/go-basicauth/handler.go:118.2,118.42 1 1
github.com/mxcd/go-basicauth/handler.go:121.67,127.2 3 1
github.com/mxcd/go-basicauth/handler.go:129.77,136.14 5 1
github.com/mxcd/go-basicauth/handler.go:136.14,138.3 1 0
github.com/mxcd/go-basicauth/handler.go:139.2,141.42 2 1
github.com/mxcd/go-basicauth/handler.go:144.56,149.2 3 1
github.com/mxcd/go-basicauth/handler.go:153.64,154.30 1 1
github.com/mxcd/go-basicauth/handler.go:154.30,156.3 1 1
github.com/mxcd/go-basicauth/handler.go:158.2,159.38 2 1
github.com/mxcd/go-basicauth/handler.go:159.38,161.3 1 1
github.com/mxcd/go-basicauth/handler.go:163.2,164.40 2 1
github.com/mxcd/go-basicauth/handler.go:167.73,171.13 3 1
github.com/mxcd/go-basicauth/handler.go:171.13,172.33 1 1
github.com/mxcd/go-basicauth/handler.go:172.33,174.4 1 0
github.com/mxcd/go-basicauth/handler.go:175.3,175.54 1 1
github.com/mxcd/go-basicauth/handler.go:178.2,178.35 1 1
github.com/mxcd/go-basicauth/handler.go:178.35,180.3 1 1
github.com/mxcd/go-basicauth/handler.go:181.2,181.56 1 1
github.com/mxcd/go-basicauth/handler.go:184.50,186.47 2 1
github.com/mxcd/go-basicauth/handler.go:186.47,192.3 2 1
github.com/mxcd/go-basicauth/handler.go:194.2,194.45 1 1
github.com/mxcd/go-basicauth/handler.go:194.45,200.3 2 1
github.com/mxcd/go-basicauth/handler.go:202.2,202.68 1 1
github.com/mxcd/go-basicauth/handler.go:202.68,208.3 2 0
github.com/mxcd/go-basicauth/handler.go:210.2,210.62 1 1
github.com/mxcd/go-basicauth/handler.go:210.62,216.3 2 0
github.com/mxcd/go-basicauth/handler.go:218.2,218.25 1 1
github.com/mxcd/go-basicauth/handler.go:218.25,219.57 1 1
github.com/mxcd/go-basicauth/handler.go:219.57,225.4 2 1
github.com/mxcd/go-basicauth/handler.go:228.2,228.22 1 1
github.com/mxcd/go-basicauth/handler.go:228.22,229.51 1 1
github.com/mxcd/go-basicauth/handler.go:229.51,235.4 2 0
github.com/mxcd/go-basicauth/handler.go:238.2,238.96 1 1
github.com/mxcd/go-basicauth/handler.go:238.96,244.3 2 1
github.com/mxcd/go-basicauth/handler.go:246.2,246.25 1 1
github.com/mxcd/go-basicauth/handler.go:246.25,247.79 1 1
github.com/mxcd/go-basicauth/handler.go:247.79,253.4 2 1
github.com/mxcd/go-basicauth/handler.go:256.2,256.22 1 1
github.com/mxcd/go-basicauth/handler.go:256.22,257.73 1 1
github.com/mxcd/go-basicauth/handler.go:257.73,263.4 2 1
github.com/mxcd/go-basicauth/handler.go:266.2,267.16 2 1
github.com/mxcd/go-basicauth/handler.go:267.16,273.3 2 0
github.com/mxcd/go-basicauth/handler.go:275.2,285.59 3 1
github.com/mxcd/go-basicauth/handler.go:285.59,291.3 2 0
github.com/mxcd/go-basicauth/handler.go:293.2,293.49 1 1
github.com/mxcd/go-basicauth/handler.go:293.49,299.3 2 0
github.com/mxcd/go-basicauth/handler.go:301.2,306.4 2 1
github.com/mxcd/go-basicauth/handler.go:309.47,311.47 2 1
github.com/mxcd/go-basicauth/handler.go:311.47,317.3 2 1
github.com/mxcd/go-basicauth/handler.go:319.2,320.16 2 1
github.com/mxcd/go-basicauth/handler.go:320.16,326.3 2 1
github.com/mxcd/go-basicauth/handler.go:328.2,329.26 2 1
github.com/mxcd/go-basicauth/handler.go:329.26,335.3 2 1
github.com/mxcd/go-basicauth/handler.go:337.2,337.54 1 1
github.com/mxcd/go-basicauth/handler.go:337.54,338.60 1 1
github.com/mxcd/go-basicauth/handler.go:338.60,344.4 2 0
github.com/mxcd/go-basicauth/handler.go:345.3,349.9 2 1
github.com/mxcd/go-basicauth/handler.go:352.2,352.49 1 1
github.com/mxcd/go-basicauth/handler.go:352.49,358.3 2 0
github.com/mxcd/go-basicauth/handler.go:360.2,365.4 2 1
github.com/mxcd/go-basicauth/handler.go:368.48,369.44 1 1
github.com/mxcd/go-basicauth/handler.go:369.44,375.3 2 0
github.com/mxcd/go-basicauth/handler.go:377.2,379.4 1 1
github.com/mxcd/go-basicauth/handler.go:382.44,384.16 2 1
github.com/mxcd/go-basicauth/handler.go:384.16,390.3 2 0
github.com/mxcd/go-basicauth/handler.go:392.2,392.45 1 1
github.com/mxcd/go-basicauth/handler.go:395.49,397.19 2 1
github.com/mxcd/go-basicauth/handler.go:397.19,399.3 1 1
github.com/mxcd/go-basicauth/handler.go:402.2,423.30 4 1
github.com/mxcd/go-basicauth/handler.go:423.30,427.35 2 1
github.com/mxcd/go-basicauth/handler.go:427.35,430.4 2 1
github.com/mxcd/go-basicauth/handler.go:433.3,433.38 1 1
github.com/mxcd/go-basicauth/handler.go:433.39,435.4 0 1
github.com/mxcd/go-basicauth/handler.go:435.9,441.55 2 1
github.com/mxcd/go-basicauth/handler.go:441.55,444.5 2 1
github.com/mxcd/go-basicauth/handler.go:448.3,449.17 2 1
github.com/mxcd/go-basicauth/handler.go:449.17,456.4 3 1
github.com/mxcd/go-basicauth/handler.go:458.3,458.128 1 1
github.com/mxcd/go-basicauth/handler.go:458.128,465.4 3 1
github.com/mxcd/go-basicauth/handler.go:467.3,471.11 3 1
github.com/mxcd/go-basicauth/handler.go:475.80,482.52 5 1
github.com/mxcd/go-basicauth/handler.go:482.52,488.3 1 1
github.com/mxcd/go-basicauth/handler.go:489.2,492.32 2 1
github.com/mxcd/go-basicauth/handler.go:492.32,493.39 1 1
github.com/mxcd/go-basicauth/handler.go:493.39,495.35 2 1
github.com/mxcd/go-basicauth/handler.go:495.35,499.5 3 1
github.com/mxcd/go-basicauth/handler.go:503.2,503.28 1 1
github.com/mxcd/go-basicauth/handler.go:506.71,507.19 1 1
github.com/mxcd/go-basicauth/handler.go:508.23,509.34 1 1
github.com/mxcd/go-basicauth/handler.go:510.24,511.51 1 1
github.com/mxcd/go-basicauth/handler.go:512.10,513.15 1 0
github.com/mxcd/go-basicauth/handler_tfa.go:42.50,44.16 2 1
github.com/mxcd/go-basicauth/handler_tfa.go:44.16,47.3 2 0
github.com/mxcd/go-basicauth/handler_tfa.go:49.2,49.22 1 1
github.com/mxcd/go-basicauth/handler_tfa.go:49.22,52.3 2 1
github.com/mxcd/go-basicauth/handler_tfa.go:54.2,55.16 2 1
github.com/mxcd/go-basicauth/handler_tfa.go:55.16,58.3 2 1
github.com/mxcd/go-basicauth/handler_tfa.go:60.2,62.58 3 1
github.com/mxcd/go-basicauth/handler_tfa.go:62.58,65.3 2 0
github.com/mxcd/go-basicauth/handler_tfa.go:67.2,72.4 1 1
github.com/mxcd/go-basicauth/handler_tfa.go:75.51,77.16 2 1
github.com/mxcd/go-basicauth/handler_tfa.go:77.16,80.3 2 0
github.com/mxcd/go-basicauth/handler_tfa.go:82.2,82.22 1 1
github.com/mxcd/go-basicauth/handler_tfa.go:82.22,85.3 2 0
github.com/mxcd/go-basicauth/handler_tfa.go:87.2,88.47 2 1
github.com/mxcd/go-basicauth/handler_tfa.go:88.47,91.3 2 0
github.com/mxcd/go-basicauth/handler_tfa.go:93.2,95.32 3 1
github.com/mxcd/go-basicauth/handler_tfa.go:95.32,98.3 2 1
github.com/mxcd/go-basicauth/handler_tfa.go:100.2,100.73 1 1
github.com/mxcd/go-basicauth/handler_tfa.go:100.73,103.3 2 1
github.com/mxcd/go-basicauth/handler_tfa.go:105.2,106.48 2 1
github.com/mxcd/go-basicauth/handler_tfa.go:106.48,108.17 2 1
github.com/mxcd/go-basicauth/handler_tfa.go:108.17,111.4 2 0
github.com/mxcd/go-basicauth/handler_tfa.go:114.2,121.59 7 1
github.com/mxcd/go-basicauth/handler_tfa.go:121.59,124.3 2 0
github.com/mxcd/go-basicauth/handler_tfa.go:126.2,127.58 2 1
github.com/mxcd/go-basicauth/handler_tfa.go:127.58,130.3 2 0
github.com/mxcd/go-basicauth/handler_tfa.go:132.2,132.62 1 1
github.com/mxcd/go-basicauth/handler_tfa.go:135.52,137.16 2 1
github.com/mxcd/go-basicauth/handler_tfa.go:137.16,140.3 2 0
github.com/mxcd/go-basicauth/handler_tfa.go:142.2,142.23 1 1
github.com/mxcd/go-basicauth/handler_tfa.go:142.23,145.3 2 1
github.com/mxcd/go-basicauth/handler_tfa.go:147.2,148.47 2 1
github.com/mxcd/go-basicauth/handler_tfa.go:148.47,151.3 2 0
github.com/mxcd/go-basicauth/handler_tfa.go:153.2,154.26 2 1
github.com/mxcd/go-basicauth/handler_tfa.go:154.26,157.3 2 1
github.com/mxcd/go-basicauth/handler_tfa.go:159.2,165.59 6 1
github.com/mxcd/go-basicauth/handler_tfa.go:165.59,168.3 2 0
github.com/mxcd/go-basicauth/handler_tfa.go:170.2,170.90 1 1
github.com/mxcd/go-basicauth/handler_tfa.go:173.51,176.28 3 1
github.com/mxcd/go-basicauth/handler_tfa.go:176.28,179.3 2 1
github.com/mxcd/go-basicauth/handler_tfa.go:181.2,182.16 2 1
github.com/mxcd/go-basicauth/handler_tfa.go:182.16,185.3 2 0
github.com/mxcd/go-basicauth/handler_tfa.go:187.2,188.16 2 1
github.com/mxcd/go-basicauth/handler_tfa.go:188.16,191.3 2 0
github.com/mxcd/go-basicauth/handler_tfa.go:193.2,193.49 1 1
github.com/mxcd/go-basicauth/handler_tfa.go:193.49,196.3 2 0
github.com/mxcd/go-basicauth/handler_tfa.go:198.2,199.47 2 1
github.com/mxcd/go-basicauth/handler_tfa.go:199.47,202.3 2 0
github.com/mxcd/go-basicauth/handler_tfa.go:204.2,205.23 2 1
github.com/mxcd/go-basicauth/handler_tfa.go:205.23,207.3 1 1
github.com/mxcd/go-basicauth/handler_tfa.go:209.2,209.61 1 1
github.com/mxcd/go-basicauth/handler_tfa.go:209.61,211.12 2 1
github.com/mxcd/go-basicauth/handler_tfa.go:211.12,213.19 2 1
github.com/mxcd/go-basicauth/handler_tfa.go:213.19,216.5 2 0
github.com/mxcd/go-basicauth/handler_tfa.go:217.4,217.23 1 1
github.com/mxcd/go-basicauth/handler_tfa.go:221.2,221.15 1 1
github.com/mxcd/go-basicauth/handler_tfa.go:221.15,225.3 3 1
github.com/mxcd/go-basicauth/handler_tfa.go:227.2,229.58 3 1
github.com/mxcd/go-basicauth/handler_tfa.go:229.58,232.3 2 0
github.com/mxcd/go-basicauth/handler_tfa.go:234.2,234.49 1 1
github.com/mxcd/go-basicauth/handler_tfa.go:234.49,237.3 2 0
github.com/mxcd/go-basicauth/handler_tfa.go:239.2,245.4 3 1
github.com/mxcd/go-basicauth/handler_tfa.go:252.80,253.68 1 1
github.com/mxcd/go-basicauth/handler_tfa.go:253.68,255.17 2 1
github.com/mxcd/go-basicauth/handler_tfa.go:255.17,257.4 1 0
github.com/mxcd/go-basicauth/handler_tfa.go:258.3,258.14 1 1
github.com/mxcd/go-basicauth/handler_tfa.go:258.14,260.4 1 1
github.com/mxcd/go-basicauth/handler_tfa.go:261.3,261.22 1 1
github.com/mxcd/go-basicauth/handler_tfa.go:264.2,266.59 3 0
github.com/mxcd/go-basicauth/handler_tfa.go:266.59,268.3 1 0
github.com/mxcd/go-basicauth/handler_tfa.go:269.2,269.18 1 0
github.com/mxcd/go-basicauth/handler_tfa.go:274.85,276.14 2 1
github.com/mxcd/go-basicauth/handler_tfa.go:276.14,278.3 1 0
github.com/mxcd/go-basicauth/handler_tfa.go:280.2,283.21 3 1
github.com/mxcd/go-basicauth/handler_tfa.go:283.21,286.3 2 1
github.com/mxcd/go-basicauth/handler_tfa.go:286.8,288.3 1 1
github.com/mxcd/go-basicauth/handler_tfa.go:289.2,289.39 1 1
github.com/mxcd/go-basicauth/helpers.go:5.49,7.42 2 1
github.com/mxcd/go-basicauth/helpers.go:7.42,9.3 1 0
github.com/mxcd/go-basicauth/helpers.go:10.2,10.17 1 1
github.com/mxcd/go-basicauth/helpers.go:13.53,15.42 2 1
github.com/mxcd/go-basicauth/helpers.go:15.42,17.3 1 0
github.com/mxcd/go-basicauth/helpers.go:18.2,18.17 1 1
github.com/mxcd/go-basicauth/helpers.go:22.43,24.2 1 0
github.com/mxcd/go-basicauth/helpers.go:26.46,36.2 1 1
github.com/mxcd/go-basicauth/storage_memory.go:18.40,24.2 1 1
github.com/mxcd/go-basicauth/storage_memory.go:26.54,30.43 3 1
github.com/mxcd/go-basicauth/storage_memory.go:30.43,32.3 1 0
github.com/mxcd/go-basicauth/storage_memory.go:34.2,34.26 1 1
github.com/mxcd/go-basicauth/storage_memory.go:34.26,36.55 2 1
github.com/mxcd/go-basicauth/storage_memory.go:36.55,38.4 1 0
github.com/mxcd/go-basicauth/storage_memory.go:41.2,41.23 1 1
github.com/mxcd/go-basicauth/storage_memory.go:41.23,43.49 2 1
github.com/mxcd/go-basicauth/storage_memory.go:43.49,45.4 1 0
github.com/mxcd/go-basicauth/storage_memory.go:48.2,50.26 2 1
github.com/mxcd/go-basicauth/storage_memory.go:50.26,52.3 1 1
github.com/mxcd/go-basicauth/storage_memory.go:54.2,54.23 1 1
github.com/mxcd/go-basicauth/storage_memory.go:54.23,56.3 1 1
github.com/mxcd/go-basicauth/storage_memory.go:58.2,58.12 1 1
github.com/mxcd/go-basicauth/storage_memory.go:61.75,66.13 4 1
github.com/mxcd/go-basicauth/storage_memory.go:66.13,68.3 1 1
github.com/mxcd/go-basicauth/storage_memory.go:70.2,70.18 1 1
github.com/mxcd/go-basicauth/storage_memory.go:73.69,78.13 4 1
github.com/mxcd/go-basicauth/storage_memory.go:78.13,80.3 1 1
github.com/mxcd/go-basicauth/storage_memory.go:82.2,82.18 1 1
github.com/mxcd/go-basicauth/storage_memory.go:85.66,90.13 4 1
github.com/mxcd/go-basicauth/storage_memory.go:90.13,92.3 1 0
github.com/mxcd/go-basicauth/storage_memory.go:94.2,94.18 1 1
github.com/mxcd/go-basicauth/storage_memory.go:97.54,102.13 4 1
github.com/mxcd/go-basicauth/storage_memory.go:102.13,104.3 1 0
github.com/mxcd/go-basicauth/storage_memory.go:106.2,106.34 1 1
github.com/mxcd/go-basicauth/storage_memory.go:106.34,108.3 1 1
github.com/mxcd/go-basicauth/storage_memory.go:109.2,109.31 1 1
github.com/mxcd/go-basicauth/storage_memory.go:109.31,111.3 1 0
github.com/mxcd/go-basicauth/storage_memory.go:113.2,115.26 2 1
github.com/mxcd/go-basicauth/storage_memory.go:115.26,117.3 1 1
github.com/mxcd/go-basicauth/storage_memory.go:118.2,118.23 1 1
github.com/mxcd/go-basicauth/storage_memory.go:118.23,120.3 1 0
github.com/mxcd/go-basicauth/storage_memory.go:122.2,122.12 1 1
github.com/mxcd/go-basicauth/storage_memory.go:127.92,132.13 4 1
github.com/mxcd/go-basicauth/storage_memory.go:132.13,134.3 1 1
github.com/mxcd/go-basicauth/storage_memory.go:136.2,136.42 1 1
github.com/mxcd/go-basicauth/storage_memory.go:136.42,137.16 1 1
github.com/mxcd/go-basicauth/storage_memory.go:137.16,141.4 3 1
github.com/mxcd/go-basicauth/storage_memory.go:143.2,143.19 1 1
github.com/mxcd/go-basicauth/storage_memory.go:146.56,151.13 4 0
github.com/mxcd/go-basicauth/storage_memory.go:151.13,153.3 1 0
github.com/mxcd/go-basicauth/storage_memory.go:155.2,157.26 2 0
github.com/mxcd/go-basicauth/storage_memory.go:157.26,159.3 1 0
github.com/mxcd/go-basicauth/storage_memory.go:161.2,161.23 1 0
github.com/mxcd/go-basicauth/storage_memory.go:161.23,163.3 1 0
github.com/mxcd/go-basicauth/storage_memory.go:165.2,165.12 1 0
github.com/mxcd/go-basicauth/tfa.go:14.64,15.34 1 1
github.com/mxcd/go-basicauth/tfa.go:15.34,16.56 1 1
github.com/mxcd/go-basicauth/tfa.go:16.56,18.4 1 1
github.com/mxcd/go-basicauth/tfa.go:20.2,20.50 1 1
github.com/mxcd/go-basicauth/tfa.go:20.50,22.3 1 1
github.com/mxcd/go-basicauth/tfa.go:23.2,23.44 1 1
github.com/mxcd/go-basicauth/tfa.go:23.44,25.3 1 1
github.com/mxcd/go-basicauth/tfa.go:26.2,26.25 1 0
github.com/mxcd/go-basicauth/tfa.go:29.75,30.27 1 1
github.com/mxcd/go-basicauth/tfa.go:30.27,32.3 1 1
github.com/mxcd/go-basicauth/tfa.go:33.2,38.4 1 1
github.com/mxcd/go-basicauth/tfa.go:41.72,47.16 2 1
github.com/mxcd/go-basicauth/tfa.go:47.16,49.3 1 0
github.com/mxcd/go-basicauth/tfa.go:50.2,50.11 1 1
github.com/mxcd/go-basicauth/tfa.go:53.113,54.17 1 1
github.com/mxcd/go-basicauth/tfa.go:54.17,56.3 1 0
github.com/mxcd/go-basicauth/tfa.go:57.2,57.23 1 1
github.com/mxcd/go-basicauth/tfa.go:57.23,59.3 1 0
github.com/mxcd/go-basicauth/tfa.go:61.2,66.23 5 1
github.com/mxcd/go-basicauth/tfa.go:66.23,68.25 2 1
github.com/mxcd/go-basicauth/tfa.go:68.25,70.19 2 1
github.com/mxcd/go-basicauth/tfa.go:70.19,72.5 1 0
github.com/mxcd/go-basicauth/tfa.go:73.4,73.30 1 1
github.com/mxcd/go-basicauth/tfa.go:75.3,77.18 3 1
github.com/mxcd/go-basicauth/tfa.go:77.18,79.4 1 0
github.com/mxcd/go-basicauth/tfa.go:80.3,81.16 2 1
github.com/mxcd/go-basicauth/tfa.go:83.2,83.27 1 1
github.com/mxcd/go-basicauth/tfa.go:89.71,91.27 2 1
github.com/mxcd/go-basicauth/tfa.go:91.27,93.26 2 1
github.com/mxcd/go-basicauth/tfa.go:93.26,95.4 1 1
github.com/mxcd/go-basicauth/tfa.go:97.2,97.18 1 1
github.com/mxcd/go-basicauth/tfa.go:100.56,101.27 1 1
github.com/mxcd/go-basicauth/tfa.go:101.27,102.16 1 1
github.com/mxcd/go-basicauth/tfa.go:102.16,104.4 1 0
github.com/mxcd/go-basicauth/tfa.go:106.2,106.15 1 1
github.com/mxcd/go-basicauth/types.go:151.43,200.2 1 1
github.com/mxcd/go-basicauth/util.go:52.62,53.46 1 1
github.com/mxcd/go-basicauth/util.go:53.46,55.3 1 1
github.com/mxcd/go-basicauth/util.go:57.2,58.43 2 1
github.com/mxcd/go-basicauth/util.go:58.43,60.3 1 0
github.com/mxcd/go-basicauth/util.go:62.2,71.8 5 1
github.com/mxcd/go-basicauth/util.go:74.73,77.21 2 1
github.com/mxcd/go-basicauth/util.go:77.21,79.3 1 0
github.com/mxcd/go-basicauth/util.go:80.2,80.28 1 1
github.com/mxcd/go-basicauth/util.go:80.28,82.3 1 0
github.com/mxcd/go-basicauth/util.go:84.2,85.66 2 1
github.com/mxcd/go-basicauth/util.go:85.66,87.3 1 0
github.com/mxcd/go-basicauth/util.go:88.2,88.31 1 1
github.com/mxcd/go-basicauth/util.go:88.31,90.3 1 0
github.com/mxcd/go-basicauth/util.go:92.2,93.16 2 1
github.com/mxcd/go-basicauth/util.go:93.16,95.3 1 1
github.com/mxcd/go-basicauth/util.go:97.2,97.92 1 1
github.com/mxcd/go-basicauth/util.go:97.92,99.3 1 0
github.com/mxcd/go-basicauth/util.go:101.2,101.79 1 1
github.com/mxcd/go-basicauth/util.go:101.79,103.3 1 1
github.com/mxcd/go-basicauth/util.go:105.2,108.16 3 1
github.com/mxcd/go-basicauth/util.go:108.16,110.3 1 0
github.com/mxcd/go-basicauth/util.go:112.2,113.16 2 1
github.com/mxcd/go-basicauth/util.go:113.16,115.3 1 0
github.com/mxcd/go-basicauth/util.go:117.2,120.59 3 1
github.com/mxcd/go-basicauth/util.go:120.59,122.3 1 1
github.com/mxcd/go-basicauth/util.go:124.2,126.54 2 1
github.com/mxcd/go-basicauth/util.go:126.54,128.3 1 1
github.com/mxcd/go-basicauth/util.go:129.2,129.22 1 1
github.com/mxcd/go-basicauth/util.go:132.45,137.18 3 1
github.com/mxcd/go-basicauth/util.go:137.18,139.3 1 0
github.com/mxcd/go-basicauth/util.go:141.2,141.26 1 1
github.com/mxcd/go-basicauth/util.go:141.26,143.22 2 1
github.com/mxcd/go-basicauth/util.go:143.22,145.4 1 0
github.com/mxcd/go-basicauth/util.go:146.3,149.17 3 1
github.com/mxcd/go-basicauth/util.go:149.17,151.4 1 0
github.com/mxcd/go-basicauth/util.go:153.3,153.14 1 1
github.com/mxcd/go-basicauth/util.go:154.12,155.24 1 1
github.com/mxcd/go-basicauth/util.go:156.12,157.28 1 1
github.com/mxcd/go-basicauth/util.go:158.12,159.15 1 1
github.com/mxcd/go-basicauth/util.go:159.15,161.5 1 1
github.com/mxcd/go-basicauth/util.go:162.4,162.28 1 1
github.com/mxcd/go-basicauth/util.go:163.11,164.48 1 0
github.com/mxcd/go-basicauth/util.go:168.2,168.62 1 1
github.com/mxcd/go-basicauth/util.go:168.62,170.3 1 1
github.com/mxcd/go-basicauth/util.go:171.2,171.15 1 1
github.com/mxcd/go-basicauth/validation.go:12.40,13.17 1 1
github.com/mxcd/go-basicauth/validation.go:13.17,15.3 1 1
github.com/mxcd/go-basicauth/validation.go:16.2,16.36 1 1
github.com/mxcd/go-basicauth/validation.go:16.36,18.3 1 1
github.com/mxcd/go-basicauth/validation.go:19.2,19.12 1 1
github.com/mxcd/go-basicauth/validation.go:22.46,23.45 1 1
github.com/mxcd/go-basicauth/validation.go:23.45,25.3 1 1
github.com/mxcd/go-basicauth/validation.go:26.2,26.42 1 1
github.com/mxcd/go-basicauth/validation.go:26.42,28.3 1 1
github.com/mxcd/go-basicauth/validation.go:29.2,29.12 1 1
github.com/mxcd/go-basicauth/validation.go:32.73,33.36 1 1
github.com/mxcd/go-basicauth/validation.go:33.36,35.3 1 1
github.com/mxcd/go-basicauth/validation.go:37.2,37.81 1 1
github.com/mxcd/go-basicauth/validation.go:37.81,39.3 1 1
github.com/mxcd/go-basicauth/validation.go:41.2,41.81 1 1
github.com/mxcd/go-basicauth/validation.go:41.81,43.3 1 1
github.com/mxcd/go-basicauth/validation.go:45.2,45.79 1 1
github.com/mxcd/go-basicauth/validation.go:45.79,47.3 1 1
github.com/mxcd/go-basicauth/validation.go:49.2,49.96 1 1
github.com/mxcd/go-basicauth/validation.go:49.96,51.3 1 1
github.com/mxcd/go-basicauth/validation.go:53.2,53.12 1 1
